android/app/build/intermediates/manifest_merge_blame_file/release/manifest-merger-blame-release-report.txt
1<?xml version="1.0" encoding="utf-8"?>
2<manifest xmlns:android="http://schemas.android.com/apk/res/android"
3    package="com.brew9.menu"
4    android:versionCode="1"
5    android:versionName="1.0.0" >
6
7    <uses-sdk
8        android:minSdkVersion="21"
8-->src/main/AndroidManifest.xml
9        android:targetSdkVersion="28" />
9-->src/main/AndroidManifest.xml
10
11    <permission
11-->src/main/AndroidManifest.xml:7:3-9:42
12        android:name="com.brew9.menu.permission.C2D_MESSAGE"
12-->src/main/AndroidManifest.xml:8:5-57
13        android:protectionLevel="signature" />
13-->src/main/AndroidManifest.xml:9:5-40
14
15    <!-- These are required permissions to make the app run -->
16    <uses-permission android:name="com.brew9.menu.permission.C2D_MESSAGE" />
16-->src/main/AndroidManifest.xml:12:3-75
16-->src/main/AndroidManifest.xml:12:20-72
17    <uses-permission android:name="com.google.android.c2dm.permission.RECEIVE" />
17-->src/main/AndroidManifest.xml:13:3-80
17-->src/main/AndroidManifest.xml:13:20-77
18    <uses-permission android:name="android.permission.ACCESS_NETWORK_STATE" />
18-->src/main/AndroidManifest.xml:14:3-77
18-->src/main/AndroidManifest.xml:14:20-74
19    <uses-permission android:name="android.permission.INTERNET" />
19-->src/main/AndroidManifest.xml:15:3-65
19-->src/main/AndroidManifest.xml:15:20-62
20    <uses-permission android:name="android.permission.SYSTEM_ALERT_WINDOW" />
20-->src/main/AndroidManifest.xml:16:3-76
20-->src/main/AndroidManifest.xml:16:20-73
21    <uses-permission android:name="android.permission.WAKE_LOCK" />
21-->src/main/AndroidManifest.xml:17:3-66
21-->src/main/AndroidManifest.xml:17:20-63
22
23    <!-- ADD PERMISSIONS HERE -->
24    <!-- BEGIN OPTIONAL PERMISSIONS -->
25
26    <uses-permission android:name="android.permission.READ_INTERNAL_STORAGE" />
26-->src/main/AndroidManifest.xml:22:3-78
26-->src/main/AndroidManifest.xml:22:20-75
27    <uses-permission android:name="android.permission.READ_PHONE_STATE" />
27-->src/main/AndroidManifest.xml:23:3-73
27-->src/main/AndroidManifest.xml:23:20-70
28    <uses-permission android:name="android.permission.USE_FINGERPRINT" />
28-->src/main/AndroidManifest.xml:24:3-72
28-->src/main/AndroidManifest.xml:24:20-69
29    <uses-permission android:name="android.permission.VIBRATE" />
29-->src/main/AndroidManifest.xml:25:3-64
29-->src/main/AndroidManifest.xml:25:20-61
30    <uses-permission android:name="com.android.launcher.permission.INSTALL_SHORTCUT" />
30-->src/main/AndroidManifest.xml:26:3-86
30-->src/main/AndroidManifest.xml:26:20-83
31    <uses-permission android:name="android.permission.MODIFY_AUDIO_SETTINGS" />
31-->src/main/AndroidManifest.xml:27:3-78
31-->src/main/AndroidManifest.xml:27:20-75
32
33    <!-- These require runtime permissions on M -->
34    <uses-permission android:name="android.permission.ACCESS_COARSE_LOCATION" />
34-->src/main/AndroidManifest.xml:30:3-79
34-->src/main/AndroidManifest.xml:30:20-76
35    <uses-permission android:name="android.permission.ACCESS_FINE_LOCATION" />
35-->src/main/AndroidManifest.xml:31:3-77
35-->src/main/AndroidManifest.xml:31:20-74
36    <uses-permission android:name="android.permission.CAMERA" />
36-->src/main/AndroidManifest.xml:32:3-63
36-->src/main/AndroidManifest.xml:32:20-60
37    <uses-permission android:name="android.permission.READ_CONTACTS" />
37-->src/main/AndroidManifest.xml:33:3-70
37-->src/main/AndroidManifest.xml:33:20-67
38    <uses-permission android:name="android.permission.READ_CALENDAR" />
38-->src/main/AndroidManifest.xml:34:3-70
38-->src/main/AndroidManifest.xml:34:20-67
39    <uses-permission android:name="android.permission.WRITE_CALENDAR" />
39-->src/main/AndroidManifest.xml:35:3-71
39-->src/main/AndroidManifest.xml:35:20-68
40    <uses-permission android:name="android.permission.READ_EXTERNAL_STORAGE" />
40-->src/main/AndroidManifest.xml:36:3-78
40-->src/main/AndroidManifest.xml:36:20-75
41    <uses-permission android:name="android.permission.RECORD_AUDIO" />
41-->src/main/AndroidManifest.xml:37:3-69
41-->src/main/AndroidManifest.xml:37:20-66
42    <uses-permission android:name="android.permission.WRITE_EXTERNAL_STORAGE" />
42-->src/main/AndroidManifest.xml:38:3-79
42-->src/main/AndroidManifest.xml:38:20-76
43
44    <!-- END OPTIONAL PERMISSIONS -->
45
46
47    <!-- ADD TEST PERMISSIONS HERE -->
48
49    <uses-feature
49-->src/main/AndroidManifest.xml:44:3-77
50        android:glEsVersion="0x00020000"
50-->src/main/AndroidManifest.xml:44:17-49
51        android:required="true" />
51-->src/main/AndroidManifest.xml:44:50-74
52    <uses-feature
52-->src/main/AndroidManifest.xml:45:3-85
53        android:name="android.software.leanback"
53-->src/main/AndroidManifest.xml:45:17-57
54        android:required="false" />
54-->src/main/AndroidManifest.xml:45:58-82
55    <uses-feature
55-->src/main/AndroidManifest.xml:46:3-88
56        android:name="android.hardware.touchscreen"
56-->src/main/AndroidManifest.xml:46:17-60
57        android:required="false" />
57-->src/main/AndroidManifest.xml:46:61-85
58
59    <!-- WHEN_VERSIONING_REMOVE_FROM_HERE -->
60    <supports-screens
60-->[host.exp.exponent:expoview:38.0.0] AndroidManifest.xml:13:5-19:24
61        android:anyDensity="true"
61-->[host.exp.exponent:expoview:38.0.0] AndroidManifest.xml:14:9-34
62        android:largeScreens="true"
62-->[host.exp.exponent:expoview:38.0.0] AndroidManifest.xml:15:9-36
63        android:normalScreens="true"
63-->[host.exp.exponent:expoview:38.0.0] AndroidManifest.xml:16:9-37
64        android:smallScreens="true"
64-->[host.exp.exponent:expoview:38.0.0] AndroidManifest.xml:17:9-36
65        android:xlargeScreens="true" >
65-->[host.exp.exponent:expoview:38.0.0] AndroidManifest.xml:18:9-37
66    </supports-screens>
67
68    <uses-permission android:name="host.exp.exponent.permission.C2D_MESSAGE" />
68-->[host.exp.exponent:expoview:38.0.0] AndroidManifest.xml:26:5-80
68-->[host.exp.exponent:expoview:38.0.0] AndroidManifest.xml:26:22-77
69    <uses-permission android:name="android.permission.MANAGE_DOCUMENTS" /> <!-- Used by react-native-netinfo module -->
69-->[host.exp.exponent:expoview:38.0.0] AndroidManifest.xml:29:5-75
69-->[host.exp.exponent:expoview:38.0.0] AndroidManifest.xml:29:22-72
70    <uses-permission android:name="android.permission.ACCESS_WIFI_STATE" />
70-->[host.exp.exponent:expoview:38.0.0] AndroidManifest.xml:34:5-76
70-->[host.exp.exponent:expoview:38.0.0] AndroidManifest.xml:34:22-73
71
72    <uses-feature
72-->[host.exp.exponent:expoview:38.0.0] AndroidManifest.xml:47:5-49:36
73        android:name="android.hardware.camera"
73-->[host.exp.exponent:expoview:38.0.0] AndroidManifest.xml:48:9-47
74        android:required="false" />
74-->[host.exp.exponent:expoview:38.0.0] AndroidManifest.xml:49:9-33
75    <uses-feature
75-->[host.exp.exponent:expoview:38.0.0] AndroidManifest.xml:50:5-52:36
76        android:name="android.hardware.camera.autofocus"
76-->[host.exp.exponent:expoview:38.0.0] AndroidManifest.xml:51:9-57
77        android:required="false" />
77-->[host.exp.exponent:expoview:38.0.0] AndroidManifest.xml:52:9-33
78    <uses-feature
78-->[host.exp.exponent:expoview:38.0.0] AndroidManifest.xml:53:5-55:36
79        android:name="android.hardware.location"
79-->[host.exp.exponent:expoview:38.0.0] AndroidManifest.xml:54:9-49
80        android:required="false" />
80-->[host.exp.exponent:expoview:38.0.0] AndroidManifest.xml:55:9-33
81    <uses-feature
81-->[host.exp.exponent:expoview:38.0.0] AndroidManifest.xml:56:5-58:36
82        android:name="android.hardware.location.gps"
82-->[host.exp.exponent:expoview:38.0.0] AndroidManifest.xml:57:9-53
83        android:required="false" />
83-->[host.exp.exponent:expoview:38.0.0] AndroidManifest.xml:58:9-33
84    <uses-feature
84-->[host.exp.exponent:expoview:38.0.0] AndroidManifest.xml:59:5-61:36
85        android:name="android.hardware.location.network"
85-->[host.exp.exponent:expoview:38.0.0] AndroidManifest.xml:60:9-57
86        android:required="false" />
86-->[host.exp.exponent:expoview:38.0.0] AndroidManifest.xml:61:9-33
87    <uses-feature
87-->[host.exp.exponent:expoview:38.0.0] AndroidManifest.xml:62:5-64:36
88        android:name="android.hardware.wifi"
88-->[host.exp.exponent:expoview:38.0.0] AndroidManifest.xml:63:9-45
89        android:required="false" />
89-->[host.exp.exponent:expoview:38.0.0] AndroidManifest.xml:64:9-33
90    <uses-feature
90-->[host.exp.exponent:expoview:38.0.0] AndroidManifest.xml:65:5-67:36
91        android:name="android.hardware.microphone"
91-->[host.exp.exponent:expoview:38.0.0] AndroidManifest.xml:66:9-51
92        android:required="false" />
92-->[host.exp.exponent:expoview:38.0.0] AndroidManifest.xml:67:9-33
93    <uses-feature
93-->[host.exp.exponent:expoview:38.0.0] AndroidManifest.xml:68:5-70:36
94        android:name="android.hardware.telephony"
94-->[host.exp.exponent:expoview:38.0.0] AndroidManifest.xml:69:9-50
95        android:required="false" />
95-->[host.exp.exponent:expoview:38.0.0] AndroidManifest.xml:70:9-33
96    <uses-feature
96-->[host.exp.exponent:expoview:38.0.0] AndroidManifest.xml:71:5-73:36
97        android:name="android.hardware.bluetooth"
97-->[host.exp.exponent:expoview:38.0.0] AndroidManifest.xml:72:9-50
98        android:required="false" />
98-->[host.exp.exponent:expoview:38.0.0] AndroidManifest.xml:73:9-33
99
100    <uses-permission android:name="android.permission.STORAGE" />
100-->[:expo-file-system] AndroidManifest.xml:15:5-66
100-->[:expo-file-system] AndroidManifest.xml:15:22-63
101    <uses-permission android:name="android.permission.FOREGROUND_SERVICE" /> <!-- for android -->
101-->[:expo-location] AndroidManifest.xml:13:5-77
101-->[:expo-location] AndroidManifest.xml:13:22-74
102    <!-- <uses-permission android:name="com.android.launcher.permission.READ_SETTINGS"/> -->
103    <!-- <uses-permission android:name="com.android.launcher.permission.WRITE_SETTINGS"/> -->
104    <!-- <uses-permission android:name="com.android.launcher.permission.INSTALL_SHORTCUT" /> -->
105    <!-- <uses-permission android:name="com.android.launcher.permission.UNINSTALL_SHORTCUT" /> -->
106    <!-- for Samsung -->
107    <uses-permission android:name="com.sec.android.provider.badge.permission.READ" />
107-->[me.leolin:ShortcutBadger:1.1.4] AndroidManifest.xml:19:5-86
107-->[me.leolin:ShortcutBadger:1.1.4] AndroidManifest.xml:19:22-83
108    <uses-permission android:name="com.sec.android.provider.badge.permission.WRITE" /> <!-- for htc -->
108-->[me.leolin:ShortcutBadger:1.1.4] AndroidManifest.xml:20:5-87
108-->[me.leolin:ShortcutBadger:1.1.4] AndroidManifest.xml:20:22-84
109    <uses-permission android:name="com.htc.launcher.permission.READ_SETTINGS" />
109-->[me.leolin:ShortcutBadger:1.1.4] AndroidManifest.xml:23:5-81
109-->[me.leolin:ShortcutBadger:1.1.4] AndroidManifest.xml:23:22-78
110    <uses-permission android:name="com.htc.launcher.permission.UPDATE_SHORTCUT" /> <!-- for sony -->
110-->[me.leolin:ShortcutBadger:1.1.4] AndroidManifest.xml:24:5-83
110-->[me.leolin:ShortcutBadger:1.1.4] AndroidManifest.xml:24:22-80
111    <uses-permission android:name="com.sonyericsson.home.permission.BROADCAST_BADGE" /> <!-- for apex -->
111-->[me.leolin:ShortcutBadger:1.1.4] AndroidManifest.xml:27:5-88
111-->[me.leolin:ShortcutBadger:1.1.4] AndroidManifest.xml:27:22-85
112    <uses-permission android:name="com.anddoes.launcher.permission.UPDATE_COUNT" /> <!-- for solid -->
112-->[me.leolin:ShortcutBadger:1.1.4] AndroidManifest.xml:30:5-84
112-->[me.leolin:ShortcutBadger:1.1.4] AndroidManifest.xml:30:22-81
113    <uses-permission android:name="com.majeur.launcher.permission.UPDATE_BADGE" />
113-->[me.leolin:ShortcutBadger:1.1.4] AndroidManifest.xml:33:5-83
113-->[me.leolin:ShortcutBadger:1.1.4] AndroidManifest.xml:33:22-80
114    <uses-permission android:name="com.google.android.providers.gsf.permission.READ_GSERVICES" />
114-->[io.nlopez.smartlocation:library:3.2.11] AndroidManifest.xml:15:5-98
114-->[io.nlopez.smartlocation:library:3.2.11] AndroidManifest.xml:15:22-95
115    <uses-permission android:name="com.google.android.gms.permission.ACTIVITY_RECOGNITION" />
115-->[io.nlopez.smartlocation:library:3.2.11] AndroidManifest.xml:16:5-94
115-->[io.nlopez.smartlocation:library:3.2.11] AndroidManifest.xml:16:22-91
116    <uses-permission android:name="com.google.android.finsky.permission.BIND_GET_INSTALL_REFERRER_SERVICE" />
116-->[com.google.android.gms:play-services-measurement:17.2.3] AndroidManifest.xml:26:5-110
116-->[com.google.android.gms:play-services-measurement:17.2.3] AndroidManifest.xml:26:22-107
117
118    <application
118-->src/main/AndroidManifest.xml:48:3-246:17
119        android:name="host.exp.exponent.MainApplication"
119-->src/main/AndroidManifest.xml:49:5-36
120        android:allowBackup="true"
120-->src/main/AndroidManifest.xml:50:5-31
121        android:appComponentFactory="androidx.core.app.CoreComponentFactory"
121-->[androidx.core:core:1.1.0] AndroidManifest.xml:24:18-86
122        android:banner="@drawable/big_logo_dark"
122-->src/main/AndroidManifest.xml:55:7-47
123        android:icon="@mipmap/ic_launcher"
123-->src/main/AndroidManifest.xml:51:5-39
124        android:label="@string/app_name"
124-->src/main/AndroidManifest.xml:52:5-37
125        android:largeHeap="true"
125-->src/main/AndroidManifest.xml:53:5-29
126        android:supportsRtl="true"
126-->[com.facebook.android:facebook-android-sdk:5.15.3] AndroidManifest.xml:28:18-44
127        android:usesCleartextTraffic="true" >
127-->src/main/AndroidManifest.xml:54:5-40
128        <activity
128-->src/main/AndroidManifest.xml:57:5-62:16
129            android:name="host.exp.exponent.LauncherActivity"
129-->src/main/AndroidManifest.xml:58:7-39
130            android:exported="true"
130-->src/main/AndroidManifest.xml:59:7-30
131            android:launchMode="singleTask"
131-->src/main/AndroidManifest.xml:60:7-38
132            android:theme="@android:style/Theme.Translucent.NoTitleBar" >
132-->src/main/AndroidManifest.xml:61:7-66
133        </activity>
134        <activity
134-->src/main/AndroidManifest.xml:64:5-69:16
135            android:name="host.exp.exponent.experience.ExperienceActivity"
135-->src/main/AndroidManifest.xml:65:7-52
136            android:configChanges="keyboard|keyboardHidden|orientation|screenSize"
136-->src/main/AndroidManifest.xml:66:7-77
137            android:theme="@style/Theme.Exponent.Light"
137-->src/main/AndroidManifest.xml:67:7-50
138            android:windowSoftInputMode="adjustResize" >
138-->src/main/AndroidManifest.xml:68:7-49
139        </activity>
140        <activity
140-->src/main/AndroidManifest.xml:71:5-91:16
141            android:name="host.exp.exponent.MainActivity"
141-->src/main/AndroidManifest.xml:72:7-35
142            android:configChanges="keyboard|keyboardHidden|orientation|screenSize"
142-->src/main/AndroidManifest.xml:74:7-77
143            android:launchMode="singleTask"
143-->src/main/AndroidManifest.xml:73:7-38
144            android:theme="@style/Theme.Exponent.Splash"
144-->src/main/AndroidManifest.xml:75:7-51
145            android:windowSoftInputMode="adjustResize" >
145-->src/main/AndroidManifest.xml:76:7-49
146            <intent-filter>
146-->src/main/AndroidManifest.xml:77:7-84:23
147                <data android:scheme="expa794768ceb8042b6a97dd99478caaf8a" />
147-->src/main/AndroidManifest.xml:78:9-69
147-->src/main/AndroidManifest.xml:78:15-67
148
149                <action android:name="android.intent.action.VIEW" />
149-->src/main/AndroidManifest.xml:80:9-60
149-->src/main/AndroidManifest.xml:80:17-58
150
151                <category android:name="android.intent.category.DEFAULT" />
151-->src/main/AndroidManifest.xml:82:9-67
151-->src/main/AndroidManifest.xml:82:19-65
152                <category android:name="android.intent.category.BROWSABLE" />
152-->src/main/AndroidManifest.xml:83:9-69
152-->src/main/AndroidManifest.xml:83:19-67
153            </intent-filter>
154            <intent-filter>
154-->src/main/AndroidManifest.xml:85:7-89:23
155                <action android:name="android.intent.action.MAIN" />
155-->src/main/AndroidManifest.xml:86:9-60
155-->src/main/AndroidManifest.xml:86:17-58
156
157                <category android:name="android.intent.category.LAUNCHER" />
157-->src/main/AndroidManifest.xml:88:9-68
157-->src/main/AndroidManifest.xml:88:19-66
158            </intent-filter>
159            <!-- ADD DETACH APP SPECIFIC INTENT FILTERS -->
160        </activity>
161        <activity
161-->src/main/AndroidManifest.xml:93:5-99:16
162            android:name="host.exp.exponent.experience.HomeActivity"
162-->src/main/AndroidManifest.xml:94:7-46
163            android:label="@string/app_name"
163-->src/main/AndroidManifest.xml:95:7-39
164            android:launchMode="singleTask"
164-->src/main/AndroidManifest.xml:96:7-38
165            android:screenOrientation="portrait"
165-->src/main/AndroidManifest.xml:97:7-43
166            android:theme="@style/Theme.Exponent.Light" >
166-->src/main/AndroidManifest.xml:98:7-50
167        </activity>
168        <activity
168-->src/main/AndroidManifest.xml:101:5-110:15
169            android:name="host.exp.exponent.experience.TvActivity"
169-->src/main/AndroidManifest.xml:102:7-44
170            android:label="@string/app_name"
170-->src/main/AndroidManifest.xml:103:7-39
171            android:screenOrientation="landscape"
171-->src/main/AndroidManifest.xml:105:7-44
172            android:theme="@style/Theme.Exponent.Light" >
172-->src/main/AndroidManifest.xml:104:7-50
173            <intent-filter>
173-->src/main/AndroidManifest.xml:106:6-109:22
174                <action android:name="android.intent.action.MAIN" />
174-->src/main/AndroidManifest.xml:86:9-60
174-->src/main/AndroidManifest.xml:86:17-58
175
176                <category android:name="android.intent.category.LEANBACK_LAUNCHER" />
176-->src/main/AndroidManifest.xml:108:8-77
176-->src/main/AndroidManifest.xml:108:18-74
177            </intent-filter>
178        </activity>
179        <activity android:name="com.facebook.react.devsupport.DevSettingsActivity" />
179-->src/main/AndroidManifest.xml:114:5-81
179-->src/main/AndroidManifest.xml:114:15-79
180        <!-- WHEN_PREPARING_SHELL_REMOVE_FROM_HERE -->
181        <!-- ADD DEV SETTINGS HERE -->
182        <!-- BEGIN_SDK_34 -->
183
184        <activity
184-->src/main/AndroidManifest.xml:119:5-123:16
185            android:name="host.exp.exponent.experience.ErrorActivity"
185-->src/main/AndroidManifest.xml:120:7-47
186            android:screenOrientation="portrait"
186-->src/main/AndroidManifest.xml:122:7-43
187            android:theme="@style/Theme.Exponent.Dark" >
187-->src/main/AndroidManifest.xml:121:7-49
188        </activity>
189        <activity
189-->src/main/AndroidManifest.xml:125:5-129:16
190            android:name="host.exp.exponent.experience.InfoActivity"
190-->src/main/AndroidManifest.xml:126:7-46
191            android:screenOrientation="portrait"
191-->src/main/AndroidManifest.xml:127:7-43
192            android:theme="@style/Theme.Exponent.Light" >
192-->src/main/AndroidManifest.xml:128:7-50
193        </activity>
194        <activity
194-->src/main/AndroidManifest.xml:131:5-136:39
195            android:name="com.facebook.FacebookActivity"
195-->src/main/AndroidManifest.xml:132:7-51
196            android:configChanges="keyboard|keyboardHidden|screenLayout|screenSize|orientation"
196-->src/main/AndroidManifest.xml:133:7-90
197            android:label="@string/app_name"
197-->src/main/AndroidManifest.xml:134:7-39
198            android:theme="@android:style/Theme.Translucent.NoTitleBar" />
198-->src/main/AndroidManifest.xml:135:7-66
199        <activity
199-->src/main/AndroidManifest.xml:138:5-142:69
200            android:name="com.facebook.ads.InterstitialAdActivity"
200-->src/main/AndroidManifest.xml:139:7-61
201            android:configChanges="keyboard|keyboardHidden|screenLayout|screenSize|orientation"
201-->src/main/AndroidManifest.xml:140:7-90
202            android:label="@string/app_name"
202-->src/main/AndroidManifest.xml:141:7-39
203            android:theme="@android:style/Theme.Translucent.NoTitleBar" />
203-->src/main/AndroidManifest.xml:142:7-66
204
205        <service
205-->src/main/AndroidManifest.xml:144:5-146:34
206            android:name="host.exp.exponent.ExponentIntentService"
206-->src/main/AndroidManifest.xml:145:7-44
207            android:exported="false" />
207-->src/main/AndroidManifest.xml:146:7-31
208
209        <!-- Analytics -->
210        <receiver
210-->src/main/AndroidManifest.xml:149:5-155:16
211            android:name="host.exp.exponent.referrer.InstallReferrerReceiver"
211-->src/main/AndroidManifest.xml:150:7-72
212            android:exported="true" >
212-->src/main/AndroidManifest.xml:151:7-30
213            <intent-filter>
213-->src/main/AndroidManifest.xml:152:7-154:23
214                <action android:name="com.android.vending.INSTALL_REFERRER" />
214-->src/main/AndroidManifest.xml:153:9-71
214-->src/main/AndroidManifest.xml:153:17-68
215            </intent-filter>
216        </receiver>
217
218        <!--
219    This crashes: https://code.google.com/p/analytics-issues/issues/detail?id=667
220    TODO: turn it back on when it's fixed
221    <service
222      android:name="com.google.android.gms.analytics.CampaignTrackingService"
223      android:enabled="true"
224      android:exported="false" />
225        -->
226
227        <receiver
227-->src/main/AndroidManifest.xml:165:5-170:16
228            android:name="com.google.android.gms.analytics.AnalyticsReceiver"
228-->src/main/AndroidManifest.xml:165:15-80
229            android:enabled="true"
229-->src/main/AndroidManifest.xml:166:15-37
230            android:exported="false" >
230-->[com.google.android.gms:play-services-analytics:17.0.0] AndroidManifest.xml:33:13-37
231            <intent-filter>
231-->src/main/AndroidManifest.xml:167:7-169:23
232                <action android:name="com.google.android.gms.analytics.ANALYTICS_DISPATCH" />
232-->src/main/AndroidManifest.xml:168:9-86
232-->src/main/AndroidManifest.xml:168:17-83
233            </intent-filter>
234        </receiver>
235
236        <service
236-->src/main/AndroidManifest.xml:172:5-174:40
237            android:name="com.google.android.gms.analytics.AnalyticsService"
237-->src/main/AndroidManifest.xml:172:14-78
238            android:enabled="true"
238-->src/main/AndroidManifest.xml:173:14-36
239            android:exported="false" />
239-->src/main/AndroidManifest.xml:174:14-38
240
241        <!-- GCM -->
242        <receiver
242-->src/main/AndroidManifest.xml:177:5-187:16
243            android:name="com.google.android.gms.gcm.GcmReceiver"
243-->src/main/AndroidManifest.xml:178:7-60
244            android:exported="true"
244-->src/main/AndroidManifest.xml:179:7-30
245            android:permission="com.google.android.c2dm.permission.SEND" >
245-->src/main/AndroidManifest.xml:180:7-67
246            <intent-filter>
246-->src/main/AndroidManifest.xml:181:7-186:23
247                <action android:name="com.google.android.c2dm.intent.RECEIVE" />
247-->src/main/AndroidManifest.xml:182:9-72
247-->src/main/AndroidManifest.xml:182:17-70
248                <action android:name="com.google.android.c2dm.intent.REGISTRATION" />
248-->src/main/AndroidManifest.xml:183:9-77
248-->src/main/AndroidManifest.xml:183:17-75
249
250                <category android:name="com.brew9.menu" />
250-->src/main/AndroidManifest.xml:185:9-50
250-->src/main/AndroidManifest.xml:185:19-48
251            </intent-filter>
252        </receiver>
253
254        <service
254-->src/main/AndroidManifest.xml:189:5-195:15
255            android:name="host.exp.exponent.gcm.ExponentGcmListenerService"
255-->src/main/AndroidManifest.xml:190:7-53
256            android:exported="false" >
256-->src/main/AndroidManifest.xml:191:7-31
257            <intent-filter>
257-->src/main/AndroidManifest.xml:192:7-194:23
258                <action android:name="com.google.android.c2dm.intent.RECEIVE" />
258-->src/main/AndroidManifest.xml:182:9-72
258-->src/main/AndroidManifest.xml:182:17-70
259            </intent-filter>
260        </service>
261        <service
261-->src/main/AndroidManifest.xml:196:5-202:15
262            android:name="host.exp.exponent.gcm.ExponentInstanceIDListenerService"
262-->src/main/AndroidManifest.xml:197:7-60
263            android:exported="false" >
263-->src/main/AndroidManifest.xml:198:7-31
264            <intent-filter>
264-->src/main/AndroidManifest.xml:199:7-201:23
265                <action android:name="com.google.android.gms.iid.InstanceID" />
265-->src/main/AndroidManifest.xml:200:9-71
265-->src/main/AndroidManifest.xml:200:17-69
266            </intent-filter>
267        </service>
268        <service
268-->src/main/AndroidManifest.xml:203:5-206:15
269            android:name="host.exp.exponent.gcm.GcmRegistrationIntentService"
269-->src/main/AndroidManifest.xml:204:7-55
270            android:exported="false" >
270-->src/main/AndroidManifest.xml:205:7-31
271        </service>
272
273        <meta-data
273-->src/main/AndroidManifest.xml:208:5-210:62
274            android:name="com.google.firebase.messaging.default_notification_icon"
274-->src/main/AndroidManifest.xml:209:7-77
275            android:resource="@drawable/shell_notification_icon" />
275-->src/main/AndroidManifest.xml:210:7-59
276        <meta-data
276-->src/main/AndroidManifest.xml:211:5-213:47
277            android:name="com.google.firebase.messaging.default_notification_color"
277-->src/main/AndroidManifest.xml:212:7-78
278            android:resource="@color/colorAccent" />
278-->src/main/AndroidManifest.xml:213:7-44
279
280        <service
280-->src/main/AndroidManifest.xml:214:5-217:15
281            android:name="host.exp.exponent.fcm.FcmRegistrationIntentService"
281-->src/main/AndroidManifest.xml:215:7-55
282            android:exported="false" >
282-->src/main/AndroidManifest.xml:216:7-31
283        </service>
284
285        <!-- ImagePicker native module -->
286        <activity
286-->src/main/AndroidManifest.xml:220:5-223:16
287            android:name="com.theartofdev.edmodo.cropper.CropImageActivity"
287-->src/main/AndroidManifest.xml:221:7-70
288            android:theme="@style/Base.Theme.AppCompat" >
288-->src/main/AndroidManifest.xml:222:7-50
289        </activity>
290
291        <!-- ADD FABRIC CONFIG HERE -->
292        <!-- BEGIN FABRIC CONFIG -->
293        <meta-data
293-->src/main/AndroidManifest.xml:228:5-230:65
294            android:name="io.fabric.ApiKey"
294-->src/main/AndroidManifest.xml:229:7-38
295            android:value="a25fafe9f9edee11a9882b32e0cd7a26df6e2c42" />
295-->src/main/AndroidManifest.xml:230:7-63
296        <!-- END FABRIC CONFIG -->
297
298
299        <!-- ADD GOOGLE MAPS CONFIG HERE -->
300        <!-- BEGIN GOOGLE MAPS CONFIG -->
301        <meta-data
301-->src/main/AndroidManifest.xml:235:5-237:64
302            android:name="com.google.android.geo.API_KEY"
302-->src/main/AndroidManifest.xml:236:7-52
303            android:value="AIzaSyDh7eDB9snEFSYtf-k0gfxA45HFoR0L--I" />
303-->src/main/AndroidManifest.xml:237:7-62
304        <!-- END GOOGLE MAPS CONFIG -->
305
306
307        <!-- ADD BRANCH CONFIG HERE -->
308
309
310        <!-- The Facebook SDK runs FacebookInitProvider on startup and crashes if there isn't an ID here -->
311        <meta-data
311-->src/main/AndroidManifest.xml:243:5-83
312            android:name="com.facebook.sdk.ApplicationId"
312-->src/main/AndroidManifest.xml:243:16-61
313            android:value="fb0" />
313-->src/main/AndroidManifest.xml:243:62-81
314        <meta-data
314-->src/main/AndroidManifest.xml:245:5-109
315            android:name="standaloneStripeScheme"
315-->src/main/AndroidManifest.xml:245:16-53
316            android:value="eaa01a91-7afe-406d-a0d5-c4f7bb98cca1" />
316-->src/main/AndroidManifest.xml:245:54-106
317        <!-- WHEN_VERSIONING_REMOVE_FROM_HERE -->
318        <!-- Scheduled notifications -->
319        <receiver
319-->[host.exp.exponent:expoview:38.0.0] AndroidManifest.xml:79:9-81:40
320            android:name="host.exp.exponent.notifications.ScheduledNotificationReceiver"
320-->[host.exp.exponent:expoview:38.0.0] AndroidManifest.xml:80:13-89
321            android:exported="false" />
321-->[host.exp.exponent:expoview:38.0.0] AndroidManifest.xml:81:13-37
322        <receiver
322-->[host.exp.exponent:expoview:38.0.0] AndroidManifest.xml:82:9-92:20
323            android:name="host.exp.exponent.notifications.receivers.SchedulingTriggerReceiver"
323-->[host.exp.exponent:expoview:38.0.0] AndroidManifest.xml:83:13-95
324            android:exported="true" >
324-->[host.exp.exponent:expoview:38.0.0] AndroidManifest.xml:84:13-36
325            <intent-filter>
325-->[host.exp.exponent:expoview:38.0.0] AndroidManifest.xml:85:13-91:29
326                <action android:name="android.intent.action.REBOOT" />
326-->[host.exp.exponent:expoview:38.0.0] AndroidManifest.xml:86:17-71
326-->[host.exp.exponent:expoview:38.0.0] AndroidManifest.xml:86:25-68
327                <action android:name="android.intent.action.BOOT_COMPLETED" />
327-->[host.exp.exponent:expoview:38.0.0] AndroidManifest.xml:87:17-79
327-->[host.exp.exponent:expoview:38.0.0] AndroidManifest.xml:87:25-76
328                <action android:name="android.intent.action.TIMEZONE_CHANGED" />
328-->[host.exp.exponent:expoview:38.0.0] AndroidManifest.xml:88:17-81
328-->[host.exp.exponent:expoview:38.0.0] AndroidManifest.xml:88:25-78
329                <action android:name="android.intent.action.TIME_CHANGED" />
329-->[host.exp.exponent:expoview:38.0.0] AndroidManifest.xml:89:17-77
329-->[host.exp.exponent:expoview:38.0.0] AndroidManifest.xml:89:25-74
330                <action android:name="android.intent.action.QUICKBOOT_POWERON" />
330-->[host.exp.exponent:expoview:38.0.0] AndroidManifest.xml:90:17-82
330-->[host.exp.exponent:expoview:38.0.0] AndroidManifest.xml:90:25-79